{
  "stats": {
    "suites": 1,
    "tests": 2,
    "passes": 2,
    "pending": 0,
    "failures": 0,
    "start": "2022-02-17T21:24:02.303Z",
    "end": "2022-02-17T21:24:04.842Z",
    "duration": 2539,
    "testsRegistered": 2,
    "passPercent": 100,
    "pendingPercent": 0,
    "other": 0,
    "hasOther": false,
    "skipped": 0,
    "hasSkipped": false
  },
  "results": [
    {
      "uuid": "50fcc417-7608-4bb8-aa0f-cd8fcd47dc72",
      "title": "",
      "fullFile": "cypress/integration/project.spec.js",
      "file": "cypress/integration/project.spec.js",
      "beforeHooks": [],
      "afterHooks": [],
      "tests": [],
      "suites": [
        {
          "uuid": "52294a04-250d-4e4d-8e1e-3a43bc9058ae",
          "title": "7 - Clicar em um item da lista deve alterar a cor de fundo do item para cinza rgb(128,128,128)",
          "fullFile": "",
          "file": "",
          "beforeHooks": [],
          "afterHooks": [],
          "tests": [
            {
              "title": "Será verificado que, ao se carregar a página, os itens da lista **não tem** o estilo CSS `background-color: rgb(128, 128, 128)`",
              "fullTitle": "7 - Clicar em um item da lista deve alterar a cor de fundo do item para cinza rgb(128,128,128) Será verificado que, ao se carregar a página, os itens da lista **não tem** o estilo CSS `background-color: rgb(128, 128, 128)`",
              "timedOut": null,
              "duration": 1294,
              "state": "passed",
              "speed": "slow",
              "pass": true,
              "fail": false,
              "pending": false,
              "context": null,
              "code": "var todos = [{\n  content: 'uma tarefa qualquer'\n}, {\n  content: 'uma outra tarefa atoa'\n}];\naddTodos(todos);\ncheckTodoList(todos);\ncy.get(TODO_LIST_LINE_SELECTOR).first().should('not.have.css', 'background-color', 'rgb(128, 128, 128)');",
              "err": {},
              "uuid": "090fbc21-e71d-44c5-ad5a-75d4defecbb1",
              "parentUUID": "52294a04-250d-4e4d-8e1e-3a43bc9058ae",
              "isHook": false,
              "skipped": false
            },
            {
              "title": "Será verificado que, ao se clicar em um item da lista, ele passa a ter o estilo CSS `background-color: rgb(128, 128, 128)`",
              "fullTitle": "7 - Clicar em um item da lista deve alterar a cor de fundo do item para cinza rgb(128,128,128) Será verificado que, ao se clicar em um item da lista, ele passa a ter o estilo CSS `background-color: rgb(128, 128, 128)`",
              "timedOut": null,
              "duration": 1198,
              "state": "passed",
              "speed": "slow",
              "pass": true,
              "fail": false,
              "pending": false,
              "context": null,
              "code": "var todos = [{\n  content: 'uma tarefa qualquer'\n}, {\n  content: 'uma outra tarefa atoa'\n}];\naddTodos(todos);\ncheckTodoList(todos);\ncy.get(TODO_LIST_LINE_SELECTOR).first().click().then(function ($li) {\n  expect($li).to.have.css('background-color', 'rgb(128, 128, 128)');\n});",
              "err": {},
              "uuid": "d4e2aa1f-c8a5-4371-8acc-d56ca35db2c7",
              "parentUUID": "52294a04-250d-4e4d-8e1e-3a43bc9058ae",
              "isHook": false,
              "skipped": false
            }
          ],
          "suites": [],
          "passes": [
            "090fbc21-e71d-44c5-ad5a-75d4defecbb1",
            "d4e2aa1f-c8a5-4371-8acc-d56ca35db2c7"
          ],
          "failures": [],
          "pending": [],
          "skipped": [],
          "duration": 2492,
          "root": false,
          "rootEmpty": false,
          "_timeout": 2000
        }
      ],
      "passes": [],
      "failures": [],
      "pending": [],
      "skipped": [],
      "duration": 0,
      "root": true,
      "rootEmpty": true,
      "_timeout": 2000
    }
  ],
  "meta": {
    "mocha": {
      "version": "7.0.1"
    },
    "mochawesome": {
      "options": {
        "quiet": false,
        "reportFilename": "mochawesome",
        "saveHtml": false,
        "saveJson": true,
        "consoleReporter": "spec",
        "useInlineDiffs": false
      },
      "version": "4.1.0"
    },
    "marge": {
      "options": {
        "id": "default",
        "reportDir": "cypress/reports",
        "overwrite": true,
        "html": false,
        "json": true
      },
      "version": "4.1.0"
    }
  }
}